#
# A fatal error has been detected by the Java Runtime Environment:
#
#  EXCEPTION_ACCESS_VIOLATION (0xc0000005) at pc=0x00007ffdda7eab4d, pid=16000, tid=1900
#
# JRE version: OpenJDK Runtime Environment Temurin-17.0.5+8 (17.0.5+8) (build 17.0.5+8)
# Java VM: OpenJDK 64-Bit Server VM Temurin-17.0.5+8 (17.0.5+8, mixed mode, sharing, tiered, compressed oops, compressed class ptrs, g1 gc, windows-amd64)
# Problematic frame:
# C  [imgui-java64.dll+0x12ab4d]
#
# No core dump will be written. Minidumps are not enabled by default on client versions of Windows
#
# If you would like to submit a bug report, please visit:
#   https://github.com/adoptium/adoptium-support/issues
# The crash happened outside the Java Virtual Machine in native code.
# See problematic frame for where to report the bug.
#

---------------  S U M M A R Y ------------

Command Line: -javaagent:C:\Program Files\JetBrains\IntelliJ IDEA Community Edition 2024.1.4\lib\idea_rt.jar=52417:C:\Program Files\JetBrains\IntelliJ IDEA Community Edition 2024.1.4\bin -Dfile.encoding=UTF-8 --module-path=C:\Users\chouc\.m2\repository\org\controlsfx\controlsfx\11.1.2\controlsfx-11.1.2.jar;C:\Users\chouc\Documents\1.Dev\Florent Marc\cpm\target\classes;C:\Users\chouc\.m2\repository\org\apache\httpcomponents\httpclient\4.5.13\httpclient-4.5.13.jar;C:\Users\chouc\.m2\repository\org\openjfx\javafx-media\17.0.0.1\javafx-media-17.0.0.1-win.jar;C:\Users\chouc\.m2\repository\org\openjfx\javafx-base\21\javafx-base-21-win.jar;C:\Users\chouc\Documents\1.Dev\Florent Marc\cpm\lib\javassist.jar;C:\Users\chouc\.m2\repository\com\googlecode\json-simple\json-simple\1.1.1\json-simple-1.1.1.jar;C:\Users\chouc\Documents\1.Dev\Florent Marc\cpm\lib\jimObjModelImporterJFX.jar;C:\Users\chouc\.m2\repository\org\openjfx\javafx-web\17.0.0.1\javafx-web-17.0.0.1-win.jar;C:\Users\chouc\.m2\repository\org\openjfx\javafx-graphics\21\javafx-graphics-21-win.jar;C:\Users\chouc\.m2\repository\eu\hansolo\tilesfx\11.48\tilesfx-11.48.jar;C:\Users\chouc\Documents\1.Dev\Florent Marc\cpm\lib\imgui-app-1.86.12-all.jar;C:\Users\chouc\.m2\repository\org\json\json\20231013\json-20231013.jar;C:\Users\chouc\.m2\repository\org\openjfx\javafx-controls\17.0.0.1\javafx-controls-17.0.0.1-win.jar;C:\Users\chouc\.m2\repository\org\apache\httpcomponents\httpcore\4.4.13\httpcore-4.4.13.jar;C:\Users\chouc\.m2\repository\org\openjfx\javafx-fxml\17.0.0.1\javafx-fxml-17.0.0.1-win.jar -Djdk.module.main=com.mk.cpm com.mk.cpm/com.mk.cpm.AppMain

Host: AMD Ryzen 5 3600 6-Core Processor              , 12 cores, 15G,  Windows 10 , 64 bit Build 19041 (10.0.19041.4597)
Time: Sat Aug 10 15:57:32 2024 Paris, Madrid (heure duild 19041 (10.0.19041.4597) elapsed time: 2.805087 seconds (0d 0h 0m 2s)

---------------  T H R E A D  ---------------

Current thread (0x00000231ce6c89d0):  JavaThread "main" [_thread_in_native, id=1900, stack(0x0000006ba8b00000,0x0000006ba8c00000)]

Stack: [0x0000006ba8b00000,0x0000006ba8c00000],  sp=0x0000006ba8bfeec0,  free space=1019k
Native frames: (J=compiled Java code, j=interpreted, Vv=VM code, C=native code)
C  [imgui-java64.dll+0x12ab4d]

Java frames: (J=compiled Java code, j=interpreted, Vv=VM code)
j  imgui.ImGui.text(Ljava/lang/String;)V+0 imgui.app@1.86.12-all
j  com.mk.cpm.AppMain.process()V+15 com.mk.cpm
j  com.mk.cpm.AppMain.main([Ljava/lang/String;)V+37 com.mk.cpm
v  ~StubRoutines::call_stub

siginfo: EXCEPTION_ACCESS_VIOLATION (0xc0000005), reading address 0x0000000000001d28


Register to memory mapping:

RIP=0x00007ffdda7eab4d imgui-java64.dll
RAX=0x00007ffddac91148 imgui-java64.dll
RBX=0x00000231f500a5b0 points into unknown readable memory: 0x6e69575b203a534f | 4f 53 3a 20 5b 57 69 6e
RCX=0x00000231f500a5b0 points into unknown readable memory: 0x6e69575b203a534f | 4f 53 3a 20 5b 57 69 6e
RDX=0x0 is NULL
RSP=0x0000006ba8bfeec0 is pointing into the stack for thread: 0x00000231ce6c89d0
RBP=0x0000006ba8bff058 is pointing into the stack for thread: 0x00000231ce6c89d0
RSI=0x00000231f3fc7a70 is pointing into metadata
RDI=0x000000070ee97b00 is an oop: java.lang.String 
{0x000000070ee97b00} - klass: 'java/lang/String'
 - string: "OS: [Windows 10] Arch: [amd64]"
R8 =0x0000000000000001 is an unknown value
R9 =0x0000000000000001 is an unknown value
R10=0x00000231f500a5ce points into unknown readable memory: 00 61
R11=0x00000231f500a5b0 points into unknown readable memory: 0x6e69575b203a534f | 4f 53 3a 20 5b 57 69 6e
R12=0x00000231ce6c8c78 points into unknown readable memory: 0x00007ffddbfed7d0 | d0 d7 fe db fd 7f 00 00
R13=0x0 is NULL
R14=0x0000006ba8bff078 is pointing into the stack for thread: 0x00000231ce6c89d0
R15=0x00000231ce6c89d0 is a thread


Registers:
RAX=0x00007ffddac91148, RBX=0x00000231f500a5b0, RCX=0x00000231f500a5b0, RDX=0x0000000000000000
RSP=0x0000006ba8bfeec0, RBP=0x0000006ba8bff058, RSI=0x00000231f3fc7a70, RDI=0x000000070ee97b00
R8 =0x0000000000000001, R9 =0x0000000000000001, R10=0x00000231f500a5ce, R11=0x00000231f500a5b0
R12=0x00000231ce6c8c78, R13=0x0000000000000000, R14=0x0000006ba8bff078, R15=0x00000231ce6c89d0
RIP=0x00007ffdda7eab4d, EFLAGS=0x0000000000010206

Top of Stack: (sp=0x0000006ba8bfeec0)
0x0000006ba8bfeec0:   0000006ba8bfef60 000000070ee97ad0
0x0000006ba8bfeed0:   000000000000001f 00007ffddb59624a
0x0000006ba8bfeee0:   0000000000000001 00000231ce6c89d0
0x0000006ba8bfeef0:   000000070ee97ad0 0000000000000000
0x0000006ba8bfef00:   00000231ce6c89d0 000000070ee97b00
0x0000006ba8bfef10:   0000000000000000 0000000000000000
0x0000006ba8bfef20:   0000000000000000 0000000000000000
0x0000006ba8bfef30:   0000000000000000 0000000000000000
0x0000006ba8bfef40:   0000000000000000 0000000000000000
0x0000006ba8bfef50:   0000000000000000 0000000000000000
0x0000006ba8bfef60:   00000231f500a5b0 00000231f3fc7a70
0x0000006ba8bfef70:   000000070ee97b00 0000006ba8bff058
0x0000006ba8bfef80:   00000231ce6c8c78 0000006ba8bff078
0x0000006ba8bfef90:   0000006ba8bff078 00007ffdda755bfb
0x0000006ba8bfefa0:   0000006ba8bff058 0000006ba8bff078
0x0000006ba8bfefb0:   00000231ce6c89d0 00000231fc2d8328 

Instructions: (pc=0x00007ffdda7eab4d)
0x00007ffdda7eaa4d:   ff ff bd 01 00 00 00 e9 fa f8 ff ff c7 44 24 2c
0x00007ffdda7eaa5d:   01 00 00 00 e9 f1 f6 ff ff 31 f6 e9 48 f6 ff ff
0x00007ffdda7eaa6d:   39 ca 0f 8e 19 f9 ff ff 89 4b 08 39 c8 75 9c 89
0x00007ffdda7eaa7d:   03 eb 98 39 ca 0f 8d 0a f7 ff ff 89 53 08 39 d0
0x00007ffdda7eaa8d:   75 b1 89 03 eb ad 8b 03 89 43 08 89 43 04 e9 73
0x00007ffdda7eaa9d:   ff ff ff 45 31 ed e9 49 fa ff ff 8b 03 89 43 08
0x00007ffdda7eaaad:   89 43 04 eb 89 e8 f9 1d 09 00 84 c0 0f 84 cf fe
0x00007ffdda7eaabd:   ff ff 4c 8d 05 b5 a1 41 00 ba 07 07 00 00 48 8d
0x00007ffdda7eaacd:   0d c0 a1 41 00 e8 f9 1c 09 00 e9 cc fe ff ff 41
0x00007ffdda7eaadd:   8d 40 ff 3d fe ff 1f 00 0f 87 a9 e9 ff ff 66 44
0x00007ffdda7eaaed:   89 44 24 60 41 83 f8 0a 0f 85 da ec ff ff 80 7b
0x00007ffdda7eaafd:   17 00 0f 85 8f e9 ff ff e9 cb ec ff ff 66 0f 1f
0x00007ffdda7eab0d:   44 00 00 41 56 41 55 41 54 55 57 56 53 48 81 ec
0x00007ffdda7eab1d:   a0 00 00 00 0f 11 74 24 50 0f 11 7c 24 60 44 0f
0x00007ffdda7eab2d:   11 44 24 70 44 0f 11 8c 24 80 00 00 00 44 0f 11
0x00007ffdda7eab3d:   94 24 90 00 00 00 48 8b 05 86 56 44 00 4c 8b 28
0x00007ffdda7eab4d:   49 8b b5 28 1d 00 00 80 be cc 00 00 00 00 49 89
0x00007ffdda7eab5d:   cc 48 89 d3 44 89 c7 c6 86 c9 00 00 00 01 0f 85
0x00007ffdda7eab6d:   e5 00 00 00 48 39 d1 0f 84 16 01 00 00 48 85 d2
0x00007ffdda7eab7d:   75 09 e8 dc 2e 15 00 49 8d 1c 04 48 89 d8 f3 0f
0x00007ffdda7eab8d:   10 b6 14 01 00 00 f3 0f 10 be 10 01 00 00 4c 29
0x00007ffdda7eab9d:   e0 f3 0f 58 b6 48 01 00 00 f3 0f 10 8e d0 01 00
0x00007ffdda7eabad:   00 48 3d d0 07 00 00 0f 8e 00 01 00 00 66 0f ef
0x00007ffdda7eabbd:   e4 0f 2f cc 0f 82 09 01 00 00 48 8d 8e 10 01 00
0x00007ffdda7eabcd:   00 e8 6d f6 f1 ff 0f 10 d8 45 31 c0 48 89 da 4c
0x00007ffdda7eabdd:   89 e1 f3 0f 11 5c 24 2c e8 36 43 f2 ff 48 8d 4c
0x00007ffdda7eabed:   24 38 f3 0f 11 7c 24 40 48 89 44 24 38 f3 0f 10
0x00007ffdda7eabfd:   4c 24 38 f3 0f 10 44 24 3c f3 0f 11 74 24 44 f3
0x00007ffdda7eac0d:   0f 58 cf f3 0f 58 c6 f3 0f 11 4c 24 48 66 0f ef
0x00007ffdda7eac1d:   c9 f3 0f 11 44 24 4c e8 27 a8 f2 ff 45 31 c9 45
0x00007ffdda7eac2d:   31 c0 31 d2 48 8d 4c 24 40 e8 25 aa f2 ff 84 c0
0x00007ffdda7eac3d:   74 17 f3 0f 10 5c 24 2c 48 8b 4c 24 40 49 89 d8 


Stack slot to memory mapping:
stack at sp + 0 slots: 0x0000006ba8bfef60 is pointing into the stack for thread: 0x00000231ce6c89d0
stack at sp + 1 slots: 0x000000070ee97ad0 is an oop: [B 
{0x000000070ee97ad0} - klass: {type array byte}
 - length: 30
stack at sp + 2 slots: 0x000000000000001f is an unknown value
stack at sp + 3 slots: 0x00007ffddb59624a jvm.dll
stack at sp + 4 slots: 0x0000000000000001 is an unknown value
stack at sp + 5 slots: 0x00000231ce6c89d0 is a thread
stack at sp + 6 slots: 0x000000070ee97ad0 is an oop: [B 
{0x000000070ee97ad0} - klass: {type array byte}
 - length: 30
stack at sp + 7 slots: 0x0 is NULL


---------------  P R O C E S S  ---------------

Threads class SMR info:
_java_thread_list=0x00000231f6be0d40, length=17, elements={
0x00000231ce6c89d0, 0x00000231f3ae3890, 0x00000231f3ae5620, 0x00000231f3af9cf0,
0x00000231f3afa7b0, 0x00000231f3afd080, 0x00000231f3afd940, 0x00000231f4533180,
0x00000231f453cb50, 0x00000231f453f870, 0x00000231f3ad01c0, 0x00000231f4de4080,
0x00000231f495e0d0, 0x00000231f510f3e0, 0x00000231f61f03e0, 0x00000231f6c81850,
0x00000231f6c81d20
}

Java Threads: ( => current thread )
=>0x00000231ce6c89d0 JavaThread "main" [_thread_in_native, id=1900, stack(0x0000006ba8b00000,0x0000006ba8c00000)]
  0x00000231f3ae3890 JavaThread "Reference Handler" daemon [_thread_blocked, id=5108, stack(0x0000006ba9200000,0x0000006ba9300000)]
  0x00000231f3ae5620 JavaThread "Finalizer" daemon [_thread_blocked, id=8300, stack(0x0000006ba9300000,0x0000006ba9400000)]
  0x00000231f3af9cf0 JavaThread "Signal Dispatcher" daemon [_thread_blocked, id=13828, stack(0x0000006ba9400000,0x0000006ba9500000)]
  0x00000231f3afa7b0 JavaThread "Attach Listener" daemon [_thread_blocked, id=11384, stack(0x0000006ba9500000,0x0000006ba9600000)]
  0x00000231f3afd080 JavaThread "Service Thread" daemon [_thread_blocked, id=1924, stack(0x0000006ba9600000,0x0000006ba9700000)]
  0x00000231f3afd940 JavaThread "Monitor Deflation Thread" daemon [_thread_blocked, id=9592, stack(0x0000006ba9700000,0x0000006ba9800000)]
  0x00000231f4533180 JavaThread "C2 CompilerThread0" daemon [_thread_blocked, id=4352, stack(0x0000006ba9800000,0x0000006ba9900000)]
  0x00000231f453cb50 JavaThread "C1 CompilerThread0" daemon [_thread_blocked, id=13776, stack(0x0000006ba9900000,0x0000006ba9a00000)]
  0x00000231f453f870 JavaThread "Sweeper thread" daemon [_thread_blocked, id=17916, stack(0x0000006ba9a00000,0x0000006ba9b00000)]
  0x00000231f3ad01c0 JavaThread "Common-Cleaner" daemon [_thread_blocked, id=17500, stack(0x0000006ba9b00000,0x0000006ba9c00000)]
  0x00000231f4de4080 JavaThread "Monitor Ctrl-Break" daemon [_thread_in_native, id=2080, stack(0x0000006ba9e00000,0x0000006ba9f00000)]
  0x00000231f495e0d0 JavaThread "Notification Thread" daemon [_thread_blocked, id=13888, stack(0x0000006ba9f00000,0x0000006baa000000)]
  0x00000231f510f3e0 JavaThread "InvokeLaterDispatcher" daemon [_thread_blocked, id=17396, stack(0x0000006baa500000,0x0000006baa600000)]
  0x00000231f61f03e0 JavaThread "Thread-2" daemon [_thread_in_native, id=11068, stack(0x0000006bab400000,0x0000006bab500000)]
  0x00000231f6c81850 JavaThread "Prism Font Disposer" daemon [_thread_blocked, id=10096, stack(0x0000006babd00000,0x0000006babe00000)]
  0x00000231f6c81d20 JavaThread "Cleaner-0" daemon [_thread_blocked, id=10756, stack(0x0000006babe00000,0x0000006babf00000)]

Other Threads:
  0x00000231f3aded70 VMThread "VM Thread" [stack: 0x0000006ba9100000,0x0000006ba9200000] [id=11836]
  0x00000231ce752dd0 WatcherThread [stack: 0x0000006baa000000,0x0000006baa100000] [id=12008]
  0x00000231ce7342f0 GCTaskThread "GC Thread#0" [stack: 0x0000006ba8c00000,0x0000006ba8d00000] [id=14936]
  0x00000231f50e8f60 GCTaskThread "GC Thread#1" [stack: 0x0000006baa700000,0x0000006baa800000] [id=2292]
  0x00000231f4ff4680 GCTaskThread "GC Thread#2" [stack: 0x0000006baa800000,0x0000006baa900000] [id=5788]
  0x00000231f505f760 GCTaskThread "GC Thread#3" [stack: 0x0000006baa900000,0x0000006baaa00000] [id=9948]
  0x00000231f5032350 GCTaskThread "GC Thread#4" [stack: 0x0000006baaa00000,0x0000006baab00000] [id=8140]
  0x00000231f512b950 GCTaskThread "GC Thread#5" [stack: 0x0000006baab00000,0x0000006baac00000] [id=9372]
  0x00000231fe17d0d0 GCTaskThread "GC Thread#6" [stack: 0x0000006bab500000,0x0000006bab600000] [id=380]
  0x00000231fe17d380 GCTaskThread "GC Thread#7" [stack: 0x0000006bab600000,0x0000006bab700000] [id=12488]
  0x00000231fe17d630 GCTaskThread "GC Thread#8" [stack: 0x0000006bab700000,0x0000006bab800000] [id=14172]
  0x00000231fdf67d20 GCTaskThread "GC Thread#9" [stack: 0x0000006bab800000,0x0000006bab900000] [id=18084]
  0x00000231ce746090 ConcurrentGCThread "G1 Main Marker" [stack: 0x0000006ba8d00000,0x0000006ba8e00000] [id=4736]
  0x00000231ce747150 ConcurrentGCThread "G1 Conc#0" [stack: 0x0000006ba8e00000,0x0000006ba8f00000] [id=9148]
  0x00000231ce78e6d0 ConcurrentGCThread "G1 Refine#0" [stack: 0x0000006ba8f00000,0x0000006ba9000000] [id=15368]
  0x00000231fdf687e0 ConcurrentGCThread "G1 Refine#1" [stack: 0x0000006bab900000,0x0000006baba00000] [id=15520]
  0x00000231fdf8c590 ConcurrentGCThread "G1 Refine#2" [stack: 0x0000006baba00000,0x0000006babb00000] [id=2252]
  0x00000231fdf8c870 ConcurrentGCThread "G1 Refine#3" [stack: 0x0000006babb00000,0x0000006babc00000] [id=3568]
  0x00000231f3996660 ConcurrentGCThread "G1 Service" [stack: 0x0000006ba9000000,0x0000006ba9100000] [id=13676]

Threads with active compile tasks:

VM state: not at safepoint (normal execution)

VM Mutex/Monitor currently owned by a thread: None

Heap address: 0x0000000700c00000, size: 4084 MB, Compressed Oops mode: Zero based, Oop shift amount: 3

CDS archive(s) mapped at: [0x0000000800000000-0x0000000800bc0000-0x0000000800bc0000), size 12320768, SharedBaseAddress: 0x0000000800000000, ArchiveRelocationMode: 0.
Compressed class space mapped at: 0x0000000800c00000-0x0000000840c00000, reserved size: 1073741824
Narrow klass base: 0x0000000800000000, Narrow klass shift: 0, Narrow klass range: 0x100000000

GC Precious Log:
 CPUs: 12 total, 12 available
 Memory: 16332M
 Large Page Support: Disabled
 NUMA Support: Disabled
 Compressed Oops: Enabled (Zero based)
 Heap Region Size: 2M
 Heap Min Capacity: 8M
 Heap Initial Capacity: 256M
 Heap Max Capacity: 4084M
 Pre-touch: Disabled
 Parallel Workers: 10
 Concurrent Workers: 3
 Concurrent Refinement Workers: 10
 Periodic GC: Disabled

Heap:
 garbage-first heap   total 262144K, used 43320K [0x0000000700c00000, 0x0000000800000000)
  region size 2048K, 18 young (36864K), 3 survivors (6144K)
 Metaspace       used 17022K, committed 17344K, reserved 1064960K
  class space    used 2256K, committed 2432K, reserved 1048576K

Heap Regions: E=young(eden), S=young(survivor), O=old, HS=humongous(starts), HC=humongous(continues), CS=collection set, F=free, OA=open archive, CA=closed archive, TAMS=top-at-mark-start (previous, next)
|   0|0x0000000700c00000, 0x0000000700e00000, 0x0000000700e00000|100%|HS|  |TAMS 0x0000000700c00000, 0x0000000700c00000| Complete 
|   1|0x0000000700e00000, 0x0000000701000000, 0x0000000701000000|100%| O|  |TAMS 0x0000000700e00000, 0x0000000700e00000| Untracked 
|   2|0x0000000701000000, 0x000000070104e200, 0x0000000701200000| 15%| O|  |TAMS 0x0000000701000000, 0x0000000701000000| Untracked 
|   3|0x0000000701200000, 0x0000000701400000, 0x0000000701400000|100%|HS|  |TAMS 0x0000000701200000, 0x0000000701200000| Complete 
|   4|0x0000000701400000, 0x0000000701600000, 0x0000000701600000|100%|HS|  |TAMS 0x0000000701400000, 0x0000000701400000| Complete 
|   5|0x0000000701600000, 0x0000000701600000, 0x0000000701800000|  0%| F|  |TAMS 0x0000000701600000, 0x0000000701600000| Untracked 
|   6|0x0000000701800000, 0x0000000701800000, 0x0000000701a00000|  0%| F|  |TAMS 0x0000000701800000, 0x0000000701800000| Untracked 
|   7|0x0000000701a00000, 0x0000000701a00000, 0x0000000701c00000|  0%| F|  |TAMS 0x0000000701a00000, 0x0000000701a00000| Untracked 
|   8|0x0000000701c00000, 0x0000000701c00000, 0x0000000701e00000|  0%| F|  |TAMS 0x0000000701c00000, 0x0000000701c00000| Untracked 
|   9|0x0000000701e00000, 0x0000000701e00000, 0x0000000702000000|  0%| F|  |TAMS 0x0000000701e00000, 0x0000000701e00000| Untracked 
|  10|0x0000000702000000, 0x0000000702000000, 0x0000000702200000|  0%| F|  |TAMS 0x0000000702000000, 0x0000000702000000| Untracked 
|  11|0x0000000702200000, 0x0000000702200000, 0x0000000702400000|  0%| F|  |TAMS 0x0000000702200000, 0x0000000702200000| Untracked 
|  12|0x0000000702400000, 0x0000000702400000, 0x0000000702600000|  0%| F|  |TAMS 0x0000000702400000, 0x0000000702400000| Untracked 
|  13|0x0000000702600000, 0x0000000702600000, 0x0000000702800000|  0%| F|  |TAMS 0x0000000702600000, 0x0000000702600000| Untracked 
|  14|0x0000000702800000, 0x0000000702800000, 0x0000000702a00000|  0%| F|  |TAMS 0x0000000702800000, 0x0000000702800000| Untracked 
|  15|0x0000000702a00000, 0x0000000702a00000, 0x0000000702c00000|  0%| F|  |TAMS 0x0000000702a00000, 0x0000000702a00000| Untracked 
|  16|0x0000000702c00000, 0x0000000702c00000, 0x0000000702e00000|  0%| F|  |TAMS 0x0000000702c00000, 0x0000000702c00000| Untracked 
|  17|0x0000000702e00000, 0x0000000702e00000, 0x0000000703000000|  0%| F|  |TAMS 0x0000000702e00000, 0x0000000702e00000| Untracked 
|  18|0x0000000703000000, 0x0000000703000000, 0x0000000703200000|  0%| F|  |TAMS 0x0000000703000000, 0x0000000703000000| Untracked 
|  19|0x0000000703200000, 0x0000000703200000, 0x0000000703400000|  0%| F|  |TAMS 0x0000000703200000, 0x0000000703200000| Untracked 
|  20|0x0000000703400000, 0x0000000703400000, 0x0000000703600000|  0%| F|  |TAMS 0x0000000703400000, 0x0000000703400000| Untracked 
|  21|0x0000000703600000, 0x0000000703600000, 0x0000000703800000|  0%| F|  |TAMS 0x0000000703600000, 0x0000000703600000| Untracked 
|  22|0x0000000703800000, 0x0000000703800000, 0x0000000703a00000|  0%| F|  |TAMS 0x0000000703800000, 0x0000000703800000| Untracked 
|  23|0x0000000703a00000, 0x0000000703a00000, 0x0000000703c00000|  0%| F|  |TAMS 0x0000000703a00000, 0x0000000703a00000| Untracked 
|  24|0x0000000703c00000, 0x0000000703c00000, 0x0000000703e00000|  0%| F|  |TAMS 0x0000000703c00000, 0x0000000703c00000| Untracked 
|  25|0x0000000703e00000, 0x0000000703e00000, 0x0000000704000000|  0%| F|  |TAMS 0x0000000703e00000, 0x0000000703e00000| Untracked 
|  26|0x0000000704000000, 0x0000000704000000, 0x0000000704200000|  0%| F|  |TAMS 0x0000000704000000, 0x0000000704000000| Untracked 
|  27|0x0000000704200000, 0x0000000704200000, 0x0000000704400000|  0%| F|  |TAMS 0x0000000704200000, 0x0000000704200000| Untracked 
|  28|0x0000000704400000, 0x0000000704400000, 0x0000000704600000|  0%| F|  |TAMS 0x0000000704400000, 0x0000000704400000| Untracked 
|  29|0x0000000704600000, 0x0000000704600000, 0x0000000704800000|  0%| F|  |TAMS 0x0000000704600000, 0x0000000704600000| Untracked 
|  30|0x0000000704800000, 0x0000000704800000, 0x0000000704a00000|  0%| F|  |TAMS 0x0000000704800000, 0x0000000704800000| Untracked 
|  31|0x0000000704a00000, 0x0000000704a00000, 0x0000000704c00000|  0%| F|  |TAMS 0x0000000704a00000, 0x0000000704a00000| Untracked 
|  32|0x0000000704c00000, 0x0000000704c00000, 0x0000000704e00000|  0%| F|  |TAMS 0x0000000704c00000, 0x0000000704c00000| Untracked 
|  33|0x0000000704e00000, 0x0000000704e00000, 0x0000000705000000|  0%| F|  |TAMS 0x0000000704e00000, 0x0000000704e00000| Untracked 
|  34|0x0000000705000000, 0x0000000705000000, 0x0000000705200000|  0%| F|  |TAMS 0x0000000705000000, 0x0000000705000000| Untracked 
|  35|0x0000000705200000, 0x0000000705200000, 0x0000000705400000|  0%| F|  |TAMS 0x0000000705200000, 0x0000000705200000| Untracked 
|  36|0x0000000705400000, 0x0000000705400000, 0x0000000705600000|  0%| F|  |TAMS 0x0000000705400000, 0x0000000705400000| Untracked 
|  37|0x0000000705600000, 0x0000000705600000, 0x0000000705800000|  0%| F|  |TAMS 0x0000000705600000, 0x0000000705600000| Untracked 
|  38|0x0000000705800000, 0x0000000705800000, 0x0000000705a00000|  0%| F|  |TAMS 0x0000000705800000, 0x0000000705800000| Untracked 
|  39|0x0000000705a00000, 0x0000000705a00000, 0x0000000705c00000|  0%| F|  |TAMS 0x0000000705a00000, 0x0000000705a00000| Untracked 
|  40|0x0000000705c00000, 0x0000000705c00000, 0x0000000705e00000|  0%| F|  |TAMS 0x0000000705c00000, 0x0000000705c00000| Untracked 
|  41|0x0000000705e00000, 0x0000000705e00000, 0x0000000706000000|  0%| F|  |TAMS 0x0000000705e00000, 0x0000000705e00000| Untracked 
|  42|0x0000000706000000, 0x0000000706000000, 0x0000000706200000|  0%| F|  |TAMS 0x0000000706000000, 0x0000000706000000| Untracked 
|  43|0x0000000706200000, 0x0000000706200000, 0x0000000706400000|  0%| F|  |TAMS 0x0000000706200000, 0x0000000706200000| Untracked 
|  44|0x0000000706400000, 0x0000000706400000, 0x0000000706600000|  0%| F|  |TAMS 0x0000000706400000, 0x0000000706400000| Untracked 
|  45|0x0000000706600000, 0x0000000706600000, 0x0000000706800000|  0%| F|  |TAMS 0x0000000706600000, 0x0000000706600000| Untracked 
|  46|0x0000000706800000, 0x0000000706800000, 0x0000000706a00000|  0%| F|  |TAMS 0x0000000706800000, 0x0000000706800000| Untracked 
|  47|0x0000000706a00000, 0x0000000706a00000, 0x0000000706c00000|  0%| F|  |TAMS 0x0000000706a00000, 0x0000000706a00000| Untracked 
|  48|0x0000000706c00000, 0x0000000706c00000, 0x0000000706e00000|  0%| F|  |TAMS 0x0000000706c00000, 0x0000000706c00000| Untracked 
|  49|0x0000000706e00000, 0x0000000706e00000, 0x0000000707000000|  0%| F|  |TAMS 0x0000000706e00000, 0x0000000706e00000| Untracked 
|  50|0x0000000707000000, 0x0000000707000000, 0x0000000707200000|  0%| F|  |TAMS 0x0000000707000000, 0x0000000707000000| Untracked 
|  51|0x0000000707200000, 0x0000000707200000, 0x0000000707400000|  0%| F|  |TAMS 0x0000000707200000, 0x0000000707200000| Untracked 
|  52|0x0000000707400000, 0x0000000707400000, 0x0000000707600000|  0%| F|  |TAMS 0x0000000707400000, 0x0000000707400000| Untracked 
|  53|0x0000000707600000, 0x0000000707600000, 0x0000000707800000|  0%| F|  |TAMS 0x0000000707600000, 0x0000000707600000| Untracked 
|  54|0x0000000707800000, 0x0000000707800000, 0x0000000707a00000|  0%| F|  |TAMS 0x0000000707800000, 0x0000000707800000| Untracked 
|  55|0x0000000707a00000, 0x0000000707a00000, 0x0000000707c00000|  0%| F|  |TAMS 0x0000000707a00000, 0x0000000707a00000| Untracked 
|  56|0x0000000707c00000, 0x0000000707c00000, 0x0000000707e00000|  0%| F|  |TAMS 0x0000000707c00000, 0x0000000707c00000| Untracked 
|  57|0x0000000707e00000, 0x0000000707e00000, 0x0000000708000000|  0%| F|  |TAMS 0x0000000707e00000, 0x0000000707e00000| Untracked 
|  58|0x0000000708000000, 0x0000000708000000, 0x0000000708200000|  0%| F|  |TAMS 0x0000000708000000, 0x0000000708000000| Untracked 
|  59|0x0000000708200000, 0x0000000708200000, 0x0000000708400000|  0%| F|  |TAMS 0x0000000708200000, 0x0000000708200000| Untracked 
|  60|0x0000000708400000, 0x0000000708400000, 0x0000000708600000|  0%| F|  |TAMS 0x0000000708400000, 0x0000000708400000| Untracked 
|  61|0x0000000708600000, 0x0000000708600000, 0x0000000708800000|  0%| F|  |TAMS 0x0000000708600000, 0x0000000708600000| Untracked 
|  62|0x0000000708800000, 0x0000000708800000, 0x0000000708a00000|  0%| F|  |TAMS 0x0000000708800000, 0x0000000708800000| Untracked 
|  63|0x0000000708a00000, 0x0000000708a00000, 0x0000000708c00000|  0%| F|  |TAMS 0x0000000708a00000, 0x0000000708a00000| Untracked 
|  64|0x0000000708c00000, 0x0000000708c00000, 0x0000000708e00000|  0%| F|  |TAMS 0x0000000708c00000, 0x0000000708c00000| Untracked 
|  65|0x0000000708e00000, 0x0000000708e00000, 0x0000000709000000|  0%| F|  |TAMS 0x0000000708e00000, 0x0000000708e00000| Untracked 
|  66|0x0000000709000000, 0x0000000709000000, 0x0000000709200000|  0%| F|  |TAMS 0x0000000709000000, 0x0000000709000000| Untracked 
|  67|0x0000000709200000, 0x0000000709200000, 0x0000000709400000|  0%| F|  |TAMS 0x0000000709200000, 0x0000000709200000| Untracked 
|  68|0x0000000709400000, 0x0000000709400000, 0x0000000709600000|  0%| F|  |TAMS 0x0000000709400000, 0x0000000709400000| Untracked 
|  69|0x0000000709600000, 0x0000000709600000, 0x0000000709800000|  0%| F|  |TAMS 0x0000000709600000, 0x0000000709600000| Untracked 
|  70|0x0000000709800000, 0x0000000709800000, 0x0000000709a00000|  0%| F|  |TAMS 0x0000000709800000, 0x0000000709800000| Untracked 
|  71|0x0000000709a00000, 0x0000000709a00000, 0x0000000709c00000|  0%| F|  |TAMS 0x0000000709a00000, 0x0000000709a00000| Untracked 
|  72|0x0000000709c00000, 0x0000000709c00000, 0x0000000709e00000|  0%| F|  |TAMS 0x0000000709c00000, 0x0000000709c00000| Untracked 
|  73|0x0000000709e00000, 0x0000000709e00000, 0x000000070a000000|  0%| F|  |TAMS 0x0000000709e00000, 0x0000000709e00000| Untracked 
|  74|0x000000070a000000, 0x000000070a000000, 0x000000070a200000|  0%| F|  |TAMS 0x000000070a000000, 0x000000070a000000| Untracked 
|  75|0x000000070a200000, 0x000000070a200000, 0x000000070a400000|  0%| F|  |TAMS 0x000000070a200000, 0x000000070a200000| Untracked 
|  76|0x000000070a400000, 0x000000070a400000, 0x000000070a600000|  0%| F|  |TAMS 0x000000070a400000, 0x000000070a400000| Untracked 
|  77|0x000000070a600000, 0x000000070a600000, 0x000000070a800000|  0%| F|  |TAMS 0x000000070a600000, 0x000000070a600000| Untracked 
|  78|0x000000070a800000, 0x000000070a800000, 0x000000070aa00000|  0%| F|  |TAMS 0x000000070a800000, 0x000000070a800000| Untracked 
|  79|0x000000070aa00000, 0x000000070aa00000, 0x000000070ac00000|  0%| F|  |TAMS 0x000000070aa00000, 0x000000070aa00000| Untracked 
|  80|0x000000070ac00000, 0x000000070ac00000, 0x000000070ae00000|  0%| F|  |TAMS 0x000000070ac00000, 0x000000070ac00000| Untracked 
|  81|0x000000070ae00000, 0x000000070ae00000, 0x000000070b000000|  0%| F|  |TAMS 0x000000070ae00000, 0x000000070ae00000| Untracked 
|  82|0x000000070b000000, 0x000000070b000000, 0x000000070b200000|  0%| F|  |TAMS 0x000000070b000000, 0x000000070b000000| Untracked 
|  83|0x000000070b200000, 0x000000070b200000, 0x000000070b400000|  0%| F|  |TAMS 0x000000070b200000, 0x000000070b200000| Untracked 
|  84|0x000000070b400000, 0x000000070b400000, 0x000000070b600000|  0%| F|  |TAMS 0x000000070b400000, 0x000000070b400000| Untracked 
|  85|0x000000070b600000, 0x000000070b600000, 0x000000070b800000|  0%| F|  |TAMS 0x000000070b600000, 0x000000070b600000| Untracked 
|  86|0x000000070b800000, 0x000000070b800000, 0x000000070ba00000|  0%| F|  |TAMS 0x000000070b800000, 0x000000070b800000| Untracked 
|  87|0x000000070ba00000, 0x000000070ba00000, 0x000000070bc00000|  0%| F|  |TAMS 0x000000070ba00000, 0x000000070ba00000| Untracked 
|  88|0x000000070bc00000, 0x000000070bc00000, 0x000000070be00000|  0%| F|  |TAMS 0x000000070bc00000, 0x000000070bc00000| Untracked 
|  89|0x000000070be00000, 0x000000070be00000, 0x000000070c000000|  0%| F|  |TAMS 0x000000070be00000, 0x000000070be00000| Untracked 
|  90|0x000000070c000000, 0x000000070c000000, 0x000000070c200000|  0%| F|  |TAMS 0x000000070c000000, 0x000000070c000000| Untracked 
|  91|0x000000070c200000, 0x000000070c200000, 0x000000070c400000|  0%| F|  |TAMS 0x000000070c200000, 0x000000070c200000| Untracked 
|  92|0x000000070c400000, 0x000000070c400000, 0x000000070c600000|  0%| F|  |TAMS 0x000000070c400000, 0x000000070c400000| Untracked 
|  93|0x000000070c600000, 0x000000070c600000, 0x000000070c800000|  0%| F|  |TAMS 0x000000070c600000, 0x000000070c600000| Untracked 
|  94|0x000000070c800000, 0x000000070c800000, 0x000000070ca00000|  0%| F|  |TAMS 0x000000070c800000, 0x000000070c800000| Untracked 
|  95|0x000000070ca00000, 0x000000070ca00000, 0x000000070cc00000|  0%| F|  |TAMS 0x000000070ca00000, 0x000000070ca00000| Untracked 
|  96|0x000000070cc00000, 0x000000070cc00000, 0x000000070ce00000|  0%| F|  |TAMS 0x000000070cc00000, 0x000000070cc00000| Untracked 
|  97|0x000000070ce00000, 0x000000070ce00000, 0x000000070d000000|  0%| F|  |TAMS 0x000000070ce00000, 0x000000070ce00000| Untracked 
|  98|0x000000070d000000, 0x000000070d000000, 0x000000070d200000|  0%| F|  |TAMS 0x000000070d000000, 0x000000070d000000| Untracked 
|  99|0x000000070d200000, 0x000000070d200000, 0x000000070d400000|  0%| F|  |TAMS 0x000000070d200000, 0x000000070d200000| Untracked 
| 100|0x000000070d400000, 0x000000070d400000, 0x000000070d600000|  0%| F|  |TAMS 0x000000070d400000, 0x000000070d400000| Untracked 
| 101|0x000000070d600000, 0x000000070d600000, 0x000000070d800000|  0%| F|  |TAMS 0x000000070d600000, 0x000000070d600000| Untracked 
| 102|0x000000070d800000, 0x000000070d800000, 0x000000070da00000|  0%| F|  |TAMS 0x000000070d800000, 0x000000070d800000| Untracked 
| 103|0x000000070da00000, 0x000000070da00000, 0x000000070dc00000|  0%| F|  |TAMS 0x000000070da00000, 0x000000070da00000| Untracked 
| 104|0x000000070dc00000, 0x000000070de00000, 0x000000070de00000|100%| S|CS|TAMS 0x000000070dc00000, 0x000000070dc00000| Complete 
| 105|0x000000070de00000, 0x000000070e000000, 0x000000070e000000|100%| S|CS|TAMS 0x000000070de00000, 0x000000070de00000| Complete 
| 106|0x000000070e000000, 0x000000070e200000, 0x000000070e200000|100%| S|CS|TAMS 0x000000070e000000, 0x000000070e000000| Complete 
| 107|0x000000070e200000, 0x000000070e200000, 0x000000070e400000|  0%| F|  |TAMS 0x000000070e200000, 0x000000070e200000| Untracked 
| 108|0x000000070e400000, 0x000000070e400000, 0x000000070e600000|  0%| F|  |TAMS 0x000000070e400000, 0x000000070e400000| Untracked 
| 109|0x000000070e600000, 0x000000070e600000, 0x000000070e800000|  0%| F|  |TAMS 0x000000070e600000, 0x000000070e600000| Untracked 
| 110|0x000000070e800000, 0x000000070e800000, 0x000000070ea00000|  0%| F|  |TAMS 0x000000070e800000, 0x000000070e800000| Untracked 
| 111|0x000000070ea00000, 0x000000070ea00000, 0x000000070ec00000|  0%| F|  |TAMS 0x000000070ea00000, 0x000000070ea00000| Untracked 
| 112|0x000000070ec00000, 0x000000070ec00000, 0x000000070ee00000|  0%| F|  |TAMS 0x000000070ec00000, 0x000000070ec00000| Untracked 
| 113|0x000000070ee00000, 0x000000070f000000, 0x000000070f000000|100%| E|  |TAMS 0x000000070ee00000, 0x000000070ee00000| Complete 
| 114|0x000000070f000000, 0x000000070f200000, 0x000000070f200000|100%| E|CS|TAMS 0x000000070f000000, 0x000000070f000000| Complete 
| 115|0x000000070f200000, 0x000000070f400000, 0x000000070f400000|100%| E|CS|TAMS 0x000000070f200000, 0x000000070f200000| Complete 
| 116|0x000000070f400000, 0x000000070f600000, 0x000000070f600000|100%| E|CS|TAMS 0x000000070f400000, 0x000000070f400000| Complete 
| 117|0x000000070f600000, 0x000000070f800000, 0x000000070f800000|100%| E|CS|TAMS 0x000000070f600000, 0x000000070f600000| Complete 
| 118|0x000000070f800000, 0x000000070fa00000, 0x000000070fa00000|100%| E|CS|TAMS 0x000000070f800000, 0x000000070f800000| Complete 
| 119|0x000000070fa00000, 0x000000070fc00000, 0x000000070fc00000|100%| E|CS|TAMS 0x000000070fa00000, 0x000000070fa00000| Complete 
| 120|0x000000070fc00000, 0x000000070fe00000, 0x000000070fe00000|100%| E|CS|TAMS 0x000000070fc00000, 0x000000070fc00000| Complete 
| 121|0x000000070fe00000, 0x0000000710000000, 0x0000000710000000|100%| E|CS|TAMS 0x000000070fe00000, 0x000000070fe00000| Complete 
| 122|0x0000000710000000, 0x0000000710200000, 0x0000000710200000|100%| E|CS|TAMS 0x0000000710000000, 0x0000000710000000| Complete 
| 123|0x0000000710200000, 0x0000000710400000, 0x0000000710400000|100%| E|CS|TAMS 0x0000000710200000, 0x0000000710200000| Complete 
| 124|0x0000000710400000, 0x0000000710600000, 0x0000000710600000|100%| E|CS|TAMS 0x0000000710400000, 0x0000000710400000| Complete 
| 125|0x0000000710600000, 0x0000000710800000, 0x0000000710800000|100%| E|CS|TAMS 0x0000000710600000, 0x0000000710600000| Complete 
| 126|0x0000000710800000, 0x0000000710a00000, 0x0000000710a00000|100%| E|CS|TAMS 0x0000000710800000, 0x0000000710800000| Complete 
| 127|0x0000000710a00000, 0x0000000710c00000, 0x0000000710c00000|100%| E|CS|TAMS 0x0000000710a00000, 0x0000000710a00000| Complete 

Card table byte_map: [0x00000231e7e10000,0x00000231e8610000] _byte_map_base: 0x00000231e460a000

Marking Bits (Prev, Next): (CMBitMap*) 0x00000231ce735820, (CMBitMap*) 0x00000231ce735860
 Prev Bits: [0x00000231e8e10000, 0x00000231ecde0000)
 Next Bits: [0x00000231ecde0000, 0x00000231f0db0000)

Polling page: 0x00000231ce790000

Metaspace:

Usage:
  Non-class:     14.42 MB used.
      Class:      2.20 MB used.
       Both:     16.62 MB used.

Virtual space:
  Non-class space:       16.00 MB reserved,      14.56 MB ( 91%) committed,  2 nodes.
      Class space:        1.00 GB reserved,       2.38 MB ( <1%) committed,  1 nodes.
             Both:        1.02 GB reserved,      16.94 MB (  2%) committed. 

Chunk freelists:
   Non-Class:  880.00 KB
       Class:  1.48 MB
        Both:  2.34 MB

MaxMetaspaceSize: unlimited
CompressedClassSpaceSize: 1.00 GB
Initial GC threshold: 21.00 MB
Current GC threshold: 21.00 MB
CDS: on
MetaspaceReclaimPolicy: balanced
 - commit_granule_bytes: 65536.
 - commit_granule_words: 8192.
 - virtual_space_node_default_size: 1048576.
 - enlarge_chunks_in_place: 1.
 - new_chunks_are_fully_committed: 0.
 - uncommit_free_chunks: 1.
 - use_allocation_guard: 0.
 - handle_deallocations: 1.


Internal statistics:

num_allocs_failed_limit: 0.
num_arena_births: 290.
num_arena_deaths: 0.
num_vsnodes_births: 3.
num_vsnodes_deaths: 0.
num_space_committed: 271.
num_space_uncommitted: 0.
num_chunks_returned_to_freelist: 0.
num_chunks_taken_from_freelist: 847.
num_chunk_merges: 0.
num_chunk_splits: 569.
num_chunks_enlarged: 415.
num_purges: 0.
num_inconsistent_stats: 0.

CodeHeap 'non-profiled nmethods': size=120000Kb used=1514Kb max_used=1514Kb free=118486Kb
 bounds [0x00000231df450000, 0x00000231df6c0000, 0x00000231e6980000]
CodeHeap 'profiled nmethods': size=120000Kb used=6855Kb max_used=6855Kb free=113144Kb
 bounds [0x00000231d7f20000, 0x00000231d85e0000, 0x00000231df450000]
CodeHeap 'non-nmethods': size=5760Kb used=1569Kb max_used=1569Kb free=4190Kb
 bounds [0x00000231d7980000, 0x00000231d7bf0000, 0x00000231d7f20000]
 total_blobs=4477 nmethods=3507 adapters=881
 compilation: enabled
              stopped_count=0, restarted_count=0
 full_count=0

Compilation events (20 events):
Event: 2.760 Thread 0x00000231f453cb50 3498       3       sun.nio.ch.Util$BufferCache::offerFirst (73 bytes)
Event: 2.760 Thread 0x00000231f453cb50 nmethod 3498 0x00000231d85ca490 code [0x00000231d85ca640, 0x00000231d85ca9b8]
Event: 2.761 Thread 0x00000231f453cb50 3499       3       java.io.FilterInputStream::read (11 bytes)
Event: 2.761 Thread 0x00000231f453cb50 nmethod 3499 0x00000231d85cab10 code [0x00000231d85cacc0, 0x00000231d85caea8]
Event: 2.762 Thread 0x00000231f453cb50 3500  s    3       java.nio.channels.Channels$1::write (107 bytes)
Event: 2.762 Thread 0x00000231f453cb50 nmethod 3500 0x00000231d85caf90 code [0x00000231d85cb1c0, 0x00000231d85cba88]
Event: 2.762 Thread 0x00000231f453cb50 3501   !   3       java.nio.channels.Channels::writeFully (60 bytes)
Event: 2.762 Thread 0x00000231f453cb50 nmethod 3501 0x00000231d85cbd10 code [0x00000231d85cbfa0, 0x00000231d85ccd08]
Event: 2.762 Thread 0x00000231f453cb50 3502       3       sun.nio.ch.IOUtil::write (14 bytes)
Event: 2.762 Thread 0x00000231f453cb50 nmethod 3502 0x00000231d85cd290 code [0x00000231d85cd420, 0x00000231d85cd548]
Event: 2.767 Thread 0x00000231f453cb50 3503   !   3       sun.nio.ch.IOUtil::writeFromNativeBuffer (173 bytes)
Event: 2.767 Thread 0x00000231f453cb50 nmethod 3503 0x00000231d85cd610 code [0x00000231d85cd8e0, 0x00000231d85ce6f8]
Event: 2.767 Thread 0x00000231f453cb50 3506   !   3       sun.nio.ch.FileChannelImpl::write (266 bytes)
Event: 2.768 Thread 0x00000231f453cb50 nmethod 3506 0x00000231d85cee10 code [0x00000231d85cf120, 0x00000231d85d0108]
Event: 2.768 Thread 0x00000231f453cb50 3504       3       sun.nio.ch.FileDispatcherImpl::write (17 bytes)
Event: 2.768 Thread 0x00000231f453cb50 nmethod 3504 0x00000231d85d0910 code [0x00000231d85d0ac0, 0x00000231d85d0c88]
Event: 2.768 Thread 0x00000231f453cb50 3507   !   3       sun.nio.ch.IOUtil::write (178 bytes)
Event: 2.769 Thread 0x00000231f453cb50 nmethod 3507 0x00000231d85d0d90 code [0x00000231d85d0fe0, 0x00000231d85d18c8]
Event: 2.778 Thread 0x00000231f4533180 3508       4       java.nio.Buffer::limit (65 bytes)
Event: 2.778 Thread 0x00000231f4533180 nmethod 3508 0x00000231df5ca490 code [0x00000231df5ca600, 0x00000231df5ca6f8]

GC Heap History (4 events):
Event: 0.461 GC heap before
{Heap before GC invocations=0 (full 0):
 garbage-first heap   total 262144K, used 24576K [0x0000000700c00000, 0x0000000800000000)
  region size 2048K, 11 young (22528K), 0 survivors (0K)
 Metaspace       used 4037K, committed 4224K, reserved 1056768K
  class space    used 462K, committed 576K, reserved 1048576K
}
Event: 0.464 GC heap after
{Heap after GC invocations=1 (full 0):
 garbage-first heap   total 262144K, used 4629K [0x0000000700c00000, 0x0000000800000000)
  region size 2048K, 2 young (4096K), 2 survivors (4096K)
 Metaspace       used 4037K, committed 4224K, reserved 1056768K
  class space    used 462K, committed 576K, reserved 1048576K
}
Event: 0.945 GC heap before
{Heap before GC invocations=1 (full 0):
 garbage-first heap   total 262144K, used 43541K [0x0000000700c00000, 0x0000000800000000)
  region size 2048K, 21 young (43008K), 2 survivors (4096K)
 Metaspace       used 11249K, committed 11520K, reserved 1064960K
  class space    used 1456K, committed 1600K, reserved 1048576K
}
Event: 0.950 GC heap after
{Heap after GC invocations=2 (full 0):
 garbage-first heap   total 262144K, used 10552K [0x0000000700c00000, 0x0000000800000000)
  region size 2048K, 3 young (6144K), 3 survivors (6144K)
 Metaspace       used 11249K, committed 11520K, reserved 1064960K
  class space    used 1456K, committed 1600K, reserved 1048576K
}

Dll operation events (20 events):
Event: 0.296 Loaded shared library C:\Users\chouc\.openjfx\cache\21+31\amd64\api-ms-win-crt-math-l1-1-0.dll
Event: 0.299 Loaded shared library C:\Users\chouc\.openjfx\cache\21+31\amd64\api-ms-win-crt-multibyte-l1-1-0.dll
Event: 0.302 Loaded shared library C:\Users\chouc\.openjfx\cache\21+31\amd64\api-ms-win-crt-private-l1-1-0.dll
Event: 0.305 Loaded shared library C:\Users\chouc\.openjfx\cache\21+31\amd64\api-ms-win-crt-process-l1-1-0.dll
Event: 0.307 Loaded shared library C:\Users\chouc\.openjfx\cache\21+31\amd64\api-ms-win-crt-runtime-l1-1-0.dll
Event: 0.309 Loaded shared library C:\Users\chouc\.openjfx\cache\21+31\amd64\api-ms-win-crt-stdio-l1-1-0.dll
Event: 0.311 Loaded shared library C:\Users\chouc\.openjfx\cache\21+31\amd64\api-ms-win-crt-string-l1-1-0.dll
Event: 0.313 Loaded shared library C:\Users\chouc\.openjfx\cache\21+31\amd64\api-ms-win-crt-time-l1-1-0.dll
Event: 0.315 Loaded shared library C:\Users\chouc\.openjfx\cache\21+31\amd64\api-ms-win-crt-utility-l1-1-0.dll
Event: 0.326 Loaded shared library C:\Users\chouc\.openjfx\cache\21+31\amd64\ucrtbase.dll
Event: 0.329 Loaded shared library C:\Users\chouc\.openjfx\cache\21+31\amd64\vcruntime140.dll
Event: 0.331 Loaded shared library C:\Users\chouc\.openjfx\cache\21+31\amd64\vcruntime140_1.dll
Event: 0.337 Loaded shared library C:\Users\chouc\.openjfx\cache\21+31\amd64\msvcp140.dll
Event: 0.340 Loaded shared library C:\Users\chouc\.openjfx\cache\21+31\amd64\msvcp140_1.dll
Event: 0.343 Loaded shared library C:\Users\chouc\.openjfx\cache\21+31\amd64\msvcp140_2.dll
Event: 0.365 Loaded shared library C:\Users\chouc\.openjfx\cache\21+31\amd64\prism_d3d.dll
Event: 0.457 Loaded shared library C:\Users\chouc\.openjfx\cache\21+31\amd64\glass.dll
Event: 0.532 Loaded shared library C:\Users\chouc\.gradle\jdks\adoptium-17-x64-hotspot-windows\bin\jimage.dll
Event: 0.621 Loaded shared library C:\Users\chouc\.openjfx\cache\21+31\amd64\javafx_font.dll
Event: 2.794 Loaded shared library C:\Users\chouc\AppData\Local\Temp\imgui-java-natives\1.86.12\imgui-java64.dll

Deoptimization events (20 events):
Event: 2.629 Thread 0x00000231f5114150 Uncommon trap: trap_request=0xffffff45 fr.pc=0x00000231df5acbf0 relative=0x00000000000002b0
Event: 2.629 Thread 0x00000231f5114150 Uncommon trap: reason=unstable_if action=reinterpret pc=0x00000231df5acbf0 method=com.sun.javafx.event.EventHandlerManager.dispatchCapturingEvent(Ljavafx/event/EventType;Ljavafx/event/Event;)Ljavafx/event/Event; @ 22 c2
Event: 2.629 Thread 0x00000231f5114150 DEOPT PACKING pc=0x00000231df5acbf0 sp=0x0000006baa6fdcc0
Event: 2.629 Thread 0x00000231f5114150 DEOPT UNPACKING pc=0x00000231d79d23a3 sp=0x0000006baa6fdc60 mode 2
Event: 2.635 Thread 0x00000231f5114150 Uncommon trap: trap_request=0xffffffde fr.pc=0x00000231df5b6e8c relative=0x00000000000007cc
Event: 2.635 Thread 0x00000231f5114150 Uncommon trap: reason=class_check action=maybe_recompile pc=0x00000231df5b6e8c method=javafx.scene.Node.getLocalBounds(Lcom/sun/javafx/geom/BaseBounds;Lcom/sun/javafx/geom/transform/BaseTransform;)Lcom/sun/javafx/geom/BaseBounds; @ 22 c2
Event: 2.635 Thread 0x00000231f5114150 DEOPT PACKING pc=0x00000231df5b6e8c sp=0x0000006baa6fe200
Event: 2.635 Thread 0x00000231f5114150 DEOPT UNPACKING pc=0x00000231d79d23a3 sp=0x0000006baa6fe1a8 mode 2
Event: 2.746 Thread 0x00000231ce6c89d0 Uncommon trap: trap_request=0xffffffc6 fr.pc=0x00000231df51fd50 relative=0x0000000000000370
Event: 2.746 Thread 0x00000231ce6c89d0 Uncommon trap: reason=bimorphic_or_optimized_type_check action=maybe_recompile pc=0x00000231df51fd50 method=java.io.FilterInputStream.read([B)I @ 5 c2
Event: 2.746 Thread 0x00000231ce6c89d0 DEOPT PACKING pc=0x00000231df51fd50 sp=0x0000006ba8bfe150
Event: 2.746 Thread 0x00000231ce6c89d0 DEOPT UNPACKING pc=0x00000231d79d23a3 sp=0x0000006ba8bfe138 mode 2
Event: 2.746 Thread 0x00000231ce6c89d0 Uncommon trap: trap_request=0xffffffc6 fr.pc=0x00000231df51fd50 relative=0x0000000000000370
Event: 2.746 Thread 0x00000231ce6c89d0 Uncommon trap: reason=bimorphic_or_optimized_type_check action=maybe_recompile pc=0x00000231df51fd50 method=java.io.FilterInputStream.read([B)I @ 5 c2
Event: 2.746 Thread 0x00000231ce6c89d0 DEOPT PACKING pc=0x00000231df51fd50 sp=0x0000006ba8bfe150
Event: 2.746 Thread 0x00000231ce6c89d0 DEOPT UNPACKING pc=0x00000231d79d23a3 sp=0x0000006ba8bfe138 mode 2
Event: 2.746 Thread 0x00000231ce6c89d0 Uncommon trap: trap_request=0xffffffc6 fr.pc=0x00000231df51fd50 relative=0x0000000000000370
Event: 2.746 Thread 0x00000231ce6c89d0 Uncommon trap: reason=bimorphic_or_optimized_type_check action=maybe_recompile pc=0x00000231df51fd50 method=java.io.FilterInputStream.read([B)I @ 5 c2
Event: 2.746 Thread 0x00000231ce6c89d0 DEOPT PACKING pc=0x00000231df51fd50 sp=0x0000006ba8bfe150
Event: 2.746 Thread 0x00000231ce6c89d0 DEOPT UNPACKING pc=0x00000231d79d23a3 sp=0x0000006ba8bfe138 mode 2

Classes unloaded (0 events):
No events

Classes redefined (0 events):
No events

Internal exceptions (20 events):
Event: 1.045 Thread 0x00000231f5114150 Implicit null exception at 0x00000231df47528f to 0x00000231df475309
Event: 1.048 Thread 0x00000231f5114150 Exception <a 'java/lang/NoSuchMethodError'{0x000000071024bd18}: 'java.lang.Object java.lang.invoke.DirectMethodHandle$Holder.invokeInterface(java.lang.Object, java.lang.Object, java.lang.Object)'> (0x000000071024bd18) 
thrown [s\src\hotspot\share\interpreter\linkResolver.cpp, line 759]
Event: 1.049 Thread 0x00000231f5114150 Exception <a 'java/lang/IncompatibleClassChangeError'{0x000000071024f6a0}: Found class java.lang.Object, but interface was expected> (0x000000071024f6a0) 
thrown [s\src\hotspot\share\interpreter\linkResolver.cpp, line 826]
Event: 1.232 Thread 0x00000231f5114150 Implicit null exception at 0x00000231df55a266 to 0x00000231df55b748
Event: 1.273 Thread 0x00000231f4e09f90 Exception <a 'java/lang/NoSuchMethodError'{0x000000070f51c4b8}: 'int java.lang.invoke.DirectMethodHandle$Holder.invokeStaticInit(java.lang.Object, java.lang.Object)'> (0x000000070f51c4b8) 
thrown [s\src\hotspot\share\interpreter\linkResolver.cpp, line 759]
Event: 2.630 Thread 0x00000231f5114150 Exception <a 'java/lang/NoSuchMethodError'{0x000000070f17ad70}: 'java.lang.Object java.lang.invoke.DirectMethodHandle$Holder.newInvokeSpecial(java.lang.Object, java.lang.Object, int, int, int, int, int, java.lang.Object)'> (0x000000070f17ad70) 
thrown [s\src\hotspot\share\interpreter\linkResolver.cpp, line 759]
Event: 2.631 Thread 0x00000231f5114150 Exception <a 'java/lang/NoSuchMethodError'{0x000000070f18dd48}: 'java.lang.Object java.lang.invoke.DirectMethodHandle$Holder.newInvokeSpecial(java.lang.Object, java.lang.Object, java.lang.Object, int, int, int, int, int)'> (0x000000070f18dd48) 
thrown [s\src\hotspot\share\interpreter\linkResolver.cpp, line 759]
Event: 2.632 Thread 0x00000231f5114150 Exception <a 'java/lang/NoSuchMethodError'{0x000000070f1955a8}: 'java.lang.Object java.lang.invoke.Invokers$Holder.linkToTargetMethod(java.lang.Object, java.lang.Object, int, int, int, int, int, java.lang.Object)'> (0x000000070f1955a8) 
thrown [s\src\hotspot\share\interpreter\linkResolver.cpp, line 759]
Event: 2.633 Thread 0x00000231f5114150 Exception <a 'java/lang/NoSuchMethodError'{0x000000070f1ad628}: 'long java.lang.invoke.DirectMethodHandle$Holder.invokeStatic(java.lang.Object, java.lang.Object, java.lang.Object)'> (0x000000070f1ad628) 
thrown [s\src\hotspot\share\interpreter\linkResolver.cpp, line 759]
Event: 2.633 Thread 0x00000231f5114150 Exception <a 'java/lang/NoSuchMethodError'{0x000000070f1b0dd0}: 'long java.lang.invoke.DirectMethodHandle$Holder.invokeStaticInit(java.lang.Object, java.lang.Object, java.lang.Object)'> (0x000000070f1b0dd0) 
thrown [s\src\hotspot\share\interpreter\linkResolver.cpp, line 759]
Event: 2.634 Thread 0x00000231f5114150 Exception <a 'java/lang/NoSuchMethodError'{0x000000070f1c89d0}: 'java.lang.Object java.lang.invoke.DirectMethodHandle$Holder.newInvokeSpecial(java.lang.Object, java.lang.Object, long)'> (0x000000070f1c89d0) 
thrown [s\src\hotspot\share\interpreter\linkResolver.cpp, line 759]
Event: 2.634 Thread 0x00000231f5114150 Exception <a 'java/lang/NoSuchMethodError'{0x000000070f1cc540}: 'java.lang.Object java.lang.invoke.Invokers$Holder.linkToTargetMethod(java.lang.Object, long, java.lang.Object)'> (0x000000070f1cc540) 
thrown [s\src\hotspot\share\interpreter\linkResolver.cpp, line 759]
Event: 2.745 Thread 0x00000231ce6c89d0 Exception <a 'sun/nio/fs/WindowsException'{0x000000070eeca180}> (0x000000070eeca180) 
thrown [s\src\hotspot\share\prims\jni.cpp, line 516]
Event: 2.746 Thread 0x00000231ce6c89d0 Exception <a 'sun/nio/fs/WindowsException'{0x000000070eed2950}> (0x000000070eed2950) 
thrown [s\src\hotspot\share\prims\jni.cpp, line 516]
Event: 2.746 Thread 0x00000231ce6c89d0 Exception <a 'sun/nio/fs/WindowsException'{0x000000070eed2bf0}> (0x000000070eed2bf0) 
thrown [s\src\hotspot\share\prims\jni.cpp, line 516]
Event: 2.747 Thread 0x00000231ce6c89d0 Exception <a 'sun/nio/fs/WindowsException'{0x000000070eed3410}> (0x000000070eed3410) 
thrown [s\src\hotspot\share\prims\jni.cpp, line 516]
Event: 2.747 Thread 0x00000231ce6c89d0 Exception <a 'sun/nio/fs/WindowsException'{0x000000070eed38d0}> (0x000000070eed38d0) 
thrown [s\src\hotspot\share\prims\jni.cpp, line 516]
Event: 2.747 Thread 0x00000231ce6c89d0 Exception <a 'sun/nio/fs/WindowsException'{0x000000070eed3b40}> (0x000000070eed3b40) 
thrown [s\src\hotspot\share\prims\jni.cpp, line 516]
Event: 2.747 Thread 0x00000231ce6c89d0 Exception <a 'sun/nio/fs/WindowsException'{0x000000070eed4220}> (0x000000070eed4220) 
thrown [s\src\hotspot\share\prims\jni.cpp, line 516]
Event: 2.748 Thread 0x00000231ce6c89d0 Exception <a 'sun/nio/fs/WindowsException'{0x000000070eed5948}> (0x000000070eed5948) 
thrown [s\src\hotspot\share\prims\jni.cpp, line 516]

VM Operations (20 events):
Event: 0.703 Executing VM operation: ICBufferFull
Event: 0.703 Executing VM operation: ICBufferFull done
Event: 0.789 Executing VM operation: HandshakeAllThreads
Event: 0.789 Executing VM operation: HandshakeAllThreads done
Event: 0.905 Executing VM operation: ICBufferFull
Event: 0.905 Executing VM operation: ICBufferFull done
Event: 0.945 Executing VM operation: G1CollectForAllocation
Event: 0.950 Executing VM operation: G1CollectForAllocation done
Event: 1.022 Executing VM operation: HandshakeAllThreads
Event: 1.022 Executing VM operation: HandshakeAllThreads done
Event: 1.046 Executing VM operation: HandshakeAllThreads
Event: 1.046 Executing VM operation: HandshakeAllThreads done
Event: 1.096 Executing VM operation: ICBufferFull
Event: 1.096 Executing VM operation: ICBufferFull done
Event: 1.223 Executing VM operation: ICBufferFull
Event: 1.223 Executing VM operation: ICBufferFull done
Event: 1.892 Executing VM operation: HandshakeAllThreads
Event: 1.892 Executing VM operation: HandshakeAllThreads done
Event: 2.631 Executing VM operation: ICBufferFull
Event: 2.631 Executing VM operation: ICBufferFull done

Events (20 events):
Event: 2.475 Thread 0x00000231fdb45b00 Thread exited: 0x00000231fdb45b00
Event: 2.623 loading class java/io/UnsupportedEncodingException
Event: 2.623 loading class java/io/UnsupportedEncodingException done
Event: 2.732 Thread 0x00000231f5062a70 Thread exited: 0x00000231f5062a70
Event: 2.734 Thread 0x00000231f5114150 Thread exited: 0x00000231f5114150
Event: 2.740 loading class java/nio/file/AccessDeniedException
Event: 2.740 loading class java/nio/file/AccessDeniedException done
Event: 2.741 loading class java/io/UncheckedIOException
Event: 2.741 loading class java/io/UncheckedIOException done
Event: 2.747 loading class java/nio/file/FileAlreadyExistsException
Event: 2.747 loading class java/nio/file/FileAlreadyExistsException done
Event: 2.747 loading class java/nio/file/Path$1
Event: 2.747 loading class java/nio/file/Path$1 done
Event: 2.748 loading class java/nio/file/StandardCopyOption
Event: 2.748 loading class java/nio/file/StandardCopyOption done
Event: 2.748 loading class sun/nio/fs/WindowsChannelFactory$2
Event: 2.748 loading class sun/nio/fs/WindowsChannelFactory$2 done
Event: 2.749 loading class java/nio/channels/Channels$1
Event: 2.749 loading class java/nio/channels/Channels$1 done
Event: 2.751 Thread 0x00000231f4e09f90 Thread exited: 0x00000231f4e09f90


Dynamic libraries:
0x00007ff736e00000 - 0x00007ff736e0e000 	C:\Users\chouc\.gradle\jdks\adoptium-17-x64-hotspot-windows\bin\java.exe
0x00007ffe77ad0000 - 0x00007ffe77cc8000 	C:\Windows\SYSTEM32\ntdll.dll
0x00007ffe763b0000 - 0x00007ffe76471000 	C:\Windows\System32\KERNEL32.DLL
0x00007ffe75500000 - 0x00007ffe757f6000 	C:\Windows\System32\KERNELBASE.dll
0x00007ffe753d0000 - 0x00007ffe754d0000 	C:\Windows\System32\ucrtbase.dll
0x00007ffe681b0000 - 0x00007ffe681c7000 	C:\Users\chouc\.gradle\jdks\adoptium-17-x64-hotspot-windows\bin\jli.dll
0x00007ffe75ce0000 - 0x00007ffe75e7f000 	C:\Windows\System32\USER32.dll
0x00007ffe68190000 - 0x00007ffe681a9000 	C:\Users\chouc\.gradle\jdks\adoptium-17-x64-hotspot-windows\bin\VCRUNTIME140.dll
0x00007ffe754d0000 - 0x00007ffe754f2000 	C:\Windows\System32\win32u.dll
0x00007ffe775c0000 - 0x00007ffe775eb000 	C:\Windows\System32\GDI32.dll
0x00007ffe75900000 - 0x00007ffe75a17000 	C:\Windows\System32\gdi32full.dll
0x00007ffe601c0000 - 0x00007ffe6045a000 	C:\Windows\WinSxS\amd64_microsoft.windows.common-controls_6595b64144ccf1df_6.0.19041.4355_none_60b8b9eb71f62e16\COMCTL32.dll
0x00007ffe75330000 - 0x00007ffe753cd000 	C:\Windows\System32\msvcp_win.dll
0x00007ffe764f0000 - 0x00007ffe7658e000 	C:\Windows\System32\msvcrt.dll
0x00007ffe77a60000 - 0x00007ffe77a8f000 	C:\Windows\System32\IMM32.DLL
0x00007ffe71760000 - 0x00007ffe7176c000 	C:\Users\chouc\.gradle\jdks\adoptium-17-x64-hotspot-windows\bin\vcruntime140_1.dll
0x00007ffe58f20000 - 0x00007ffe58fb1000 	C:\Users\chouc\.gradle\jdks\adoptium-17-x64-hotspot-windows\bin\msvcp140.dll
0x00007ffddb4f0000 - 0x00007ffddc134000 	C:\Users\chouc\.gradle\jdks\adoptium-17-x64-hotspot-windows\bin\server\jvm.dll
0x00007ffe76590000 - 0x00007ffe76640000 	C:\Windows\System32\ADVAPI32.dll
0x00007ffe76640000 - 0x00007ffe766e0000 	C:\Windows\System32\sechost.dll
0x00007ffe77490000 - 0x00007ffe775b3000 	C:\Windows\System32\RPCRT4.dll
0x00007ffe75ad0000 - 0x00007ffe75af7000 	C:\Windows\System32\bcrypt.dll
0x00007ffe680d0000 - 0x00007ffe680d9000 	C:\Windows\SYSTEM32\WSOCK32.dll
0x00007ffe6cc00000 - 0x00007ffe6cc0a000 	C:\Windows\SYSTEM32\VERSION.dll
0x00007ffe76120000 - 0x00007ffe7618b000 	C:\Windows\System32\WS2_32.dll
0x00007ffe6cb80000 - 0x00007ffe6cba7000 	C:\Windows\SYSTEM32\WINMM.dll
0x00007ffe739b0000 - 0x00007ffe739c2000 	C:\Windows\SYSTEM32\kernel.appcore.dll
0x00007ffe6f800000 - 0x00007ffe6f80a000 	C:\Users\chouc\.gradle\jdks\adoptium-17-x64-hotspot-windows\bin\jimage.dll
0x00007ffe73620000 - 0x00007ffe73804000 	C:\Windows\SYSTEM32\DBGHELP.DLL
0x00007ffe67400000 - 0x00007ffe67434000 	C:\Windows\SYSTEM32\dbgcore.DLL
0x00007ffe75800000 - 0x00007ffe75882000 	C:\Windows\System32\bcryptPrimitives.dll
0x00007ffe5ff10000 - 0x00007ffe5ff1e000 	C:\Users\chouc\.gradle\jdks\adoptium-17-x64-hotspot-windows\bin\instrument.dll
0x00007ffe4ee00000 - 0x00007ffe4ee25000 	C:\Users\chouc\.gradle\jdks\adoptium-17-x64-hotspot-windows\bin\java.dll
0x00007ffe3d7c0000 - 0x00007ffe3d896000 	C:\Users\chouc\.gradle\jdks\adoptium-17-x64-hotspot-windows\bin\jsvml.dll
0x00007ffe766e0000 - 0x00007ffe76e4c000 	C:\Windows\System32\SHELL32.dll
0x00007ffe72dc0000 - 0x00007ffe7355e000 	C:\Windows\SYSTEM32\windows.storage.dll
0x00007ffe76f00000 - 0x00007ffe77253000 	C:\Windows\System32\combase.dll
0x00007ffe74ba0000 - 0x00007ffe74bce000 	C:\Windows\SYSTEM32\Wldp.dll
0x00007ffe75b00000 - 0x00007ffe75bcd000 	C:\Windows\System32\OLEAUT32.dll
0x00007ffe75bd0000 - 0x00007ffe75c7d000 	C:\Windows\System32\SHCORE.dll
0x00007ffe75c80000 - 0x00007ffe75cd5000 	C:\Windows\System32\shlwapi.dll
0x00007ffe750b0000 - 0x00007ffe750d4000 	C:\Windows\SYSTEM32\profapi.dll
0x00007ffe68170000 - 0x00007ffe68189000 	C:\Users\chouc\.gradle\jdks\adoptium-17-x64-hotspot-windows\bin\net.dll
0x00007ffe6ef60000 - 0x00007ffe6f06a000 	C:\Windows\SYSTEM32\WINHTTP.dll
0x00007ffe74900000 - 0x00007ffe7496a000 	C:\Windows\system32\mswsock.dll
0x00007ffe67660000 - 0x00007ffe67675000 	C:\Users\chouc\.gradle\jdks\adoptium-17-x64-hotspot-windows\bin\nio.dll
0x00007ffe61c60000 - 0x00007ffe61c78000 	C:\Users\chouc\.gradle\jdks\adoptium-17-x64-hotspot-windows\bin\zip.dll
0x00007ffe59b40000 - 0x00007ffe59b5a000 	C:\Program Files\JetBrains\IntelliJ IDEA Community Edition 2024.1.4\bin\breakgen64.dll
0x00007ffe5c970000 - 0x00007ffe5c980000 	C:\Users\chouc\.gradle\jdks\adoptium-17-x64-hotspot-windows\bin\verify.dll
0x00000231f3b20000 - 0x00000231f3b23000 	C:\Users\chouc\.openjfx\cache\21+31\amd64\api-ms-win-core-console-l1-1-0.dll
0x00000231f3b30000 - 0x00000231f3b33000 	C:\Users\chouc\.openjfx\cache\21+31\amd64\api-ms-win-core-console-l1-2-0.dll
0x00000231f3b40000 - 0x00000231f3b43000 	C:\Users\chouc\.openjfx\cache\21+31\amd64\api-ms-win-core-datetime-l1-1-0.dll
0x00000231f3b50000 - 0x00000231f3b53000 	C:\Users\chouc\.openjfx\cache\21+31\amd64\api-ms-win-core-debug-l1-1-0.dll
0x00000231f3b60000 - 0x00000231f3b63000 	C:\Users\chouc\.openjfx\cache\21+31\amd64\api-ms-win-core-errorhandling-l1-1-0.dll
0x00000231f3b70000 - 0x00000231f3b74000 	C:\Users\chouc\.openjfx\cache\21+31\amd64\api-ms-win-core-file-l1-1-0.dll
0x00000231f3b80000 - 0x00000231f3b83000 	C:\Users\chouc\.openjfx\cache\21+31\amd64\api-ms-win-core-file-l1-2-0.dll
0x00000231f3b90000 - 0x00000231f3b93000 	C:\Users\chouc\.openjfx\cache\21+31\amd64\api-ms-win-core-file-l2-1-0.dll
0x00000231f3ba0000 - 0x00000231f3ba3000 	C:\Users\chouc\.openjfx\cache\21+31\amd64\api-ms-win-core-handle-l1-1-0.dll
0x00000231f3bb0000 - 0x00000231f3bb3000 	C:\Users\chouc\.openjfx\cache\21+31\amd64\api-ms-win-core-heap-l1-1-0.dll
0x00000231f3bc0000 - 0x00000231f3bc3000 	C:\Users\chouc\.openjfx\cache\21+31\amd64\api-ms-win-core-interlocked-l1-1-0.dll
0x00000231f3bd0000 - 0x00000231f3bd3000 	C:\Users\chouc\.openjfx\cache\21+31\amd64\api-ms-win-core-libraryloader-l1-1-0.dll
0x00000231f3be0000 - 0x00000231f3be3000 	C:\Users\chouc\.openjfx\cache\21+31\amd64\api-ms-win-core-localization-l1-2-0.dll
0x00000231f3bf0000 - 0x00000231f3bf3000 	C:\Users\chouc\.openjfx\cache\21+31\amd64\api-ms-win-core-memory-l1-1-0.dll
0x00000231f5130000 - 0x00000231f5133000 	C:\Users\chouc\.openjfx\cache\21+31\amd64\api-ms-win-core-namedpipe-l1-1-0.dll
0x00000231f5140000 - 0x00000231f5143000 	C:\Users\chouc\.openjfx\cache\21+31\amd64\api-ms-win-core-processenvironment-l1-1-0.dll
0x00000231f5150000 - 0x00000231f5153000 	C:\Users\chouc\.openjfx\cache\21+31\amd64\api-ms-win-core-processthreads-l1-1-0.dll
0x00000231f5160000 - 0x00000231f5163000 	C:\Users\chouc\.openjfx\cache\21+31\amd64\api-ms-win-core-processthreads-l1-1-1.dll
0x00000231f5170000 - 0x00000231f5173000 	C:\Users\chouc\.openjfx\cache\21+31\amd64\api-ms-win-core-profile-l1-1-0.dll
0x00000231f5180000 - 0x00000231f5183000 	C:\Users\chouc\.openjfx\cache\21+31\amd64\api-ms-win-core-rtlsupport-l1-1-0.dll
0x00000231f5190000 - 0x00000231f5193000 	C:\Users\chouc\.openjfx\cache\21+31\amd64\api-ms-win-core-string-l1-1-0.dll
0x00000231f51a0000 - 0x00000231f51a3000 	C:\Users\chouc\.openjfx\cache\21+31\amd64\api-ms-win-core-synch-l1-1-0.dll
0x00000231f51b0000 - 0x00000231f51b3000 	C:\Users\chouc\.openjfx\cache\21+31\amd64\api-ms-win-core-synch-l1-2-0.dll
0x00000231f51c0000 - 0x00000231f51c3000 	C:\Users\chouc\.openjfx\cache\21+31\amd64\api-ms-win-core-sysinfo-l1-1-0.dll
0x00000231f51d0000 - 0x00000231f51d3000 	C:\Users\chouc\.openjfx\cache\21+31\amd64\api-ms-win-core-timezone-l1-1-0.dll
0x00000231f51e0000 - 0x00000231f51e3000 	C:\Users\chouc\.openjfx\cache\21+31\amd64\api-ms-win-core-util-l1-1-0.dll
0x00000231f51f0000 - 0x00000231f51f3000 	C:\Users\chouc\.openjfx\cache\21+31\amd64\api-ms-win-crt-conio-l1-1-0.dll
0x00000231f5200000 - 0x00000231f5204000 	C:\Users\chouc\.openjfx\cache\21+31\amd64\api-ms-win-crt-convert-l1-1-0.dll
0x00000231f5210000 - 0x00000231f5213000 	C:\Users\chouc\.openjfx\cache\21+31\amd64\api-ms-win-crt-environment-l1-1-0.dll
0x00000231f5220000 - 0x00000231f5223000 	C:\Users\chouc\.openjfx\cache\21+31\amd64\api-ms-win-crt-filesystem-l1-1-0.dll
0x00000231f5230000 - 0x00000231f5233000 	C:\Users\chouc\.openjfx\cache\21+31\amd64\api-ms-win-crt-heap-l1-1-0.dll
0x00000231f5240000 - 0x00000231f5243000 	C:\Users\chouc\.openjfx\cache\21+31\amd64\api-ms-win-crt-locale-l1-1-0.dll
0x00000231f5250000 - 0x00000231f5255000 	C:\Users\chouc\.openjfx\cache\21+31\amd64\api-ms-win-crt-math-l1-1-0.dll
0x00000231f5260000 - 0x00000231f5265000 	C:\Users\chouc\.openjfx\cache\21+31\amd64\api-ms-win-crt-multibyte-l1-1-0.dll
0x00000231f5270000 - 0x00000231f5280000 	C:\Users\chouc\.openjfx\cache\21+31\amd64\api-ms-win-crt-private-l1-1-0.dll
0x00000231f5280000 - 0x00000231f5283000 	C:\Users\chouc\.openjfx\cache\21+31\amd64\api-ms-win-crt-process-l1-1-0.dll
0x00000231f5290000 - 0x00000231f5294000 	C:\Users\chouc\.openjfx\cache\21+31\amd64\api-ms-win-crt-runtime-l1-1-0.dll
0x00000231f52a0000 - 0x00000231f52a4000 	C:\Users\chouc\.openjfx\cache\21+31\amd64\api-ms-win-crt-stdio-l1-1-0.dll
0x00000231f52b0000 - 0x00000231f52b4000 	C:\Users\chouc\.openjfx\cache\21+31\amd64\api-ms-win-crt-string-l1-1-0.dll
0x00000231f52c0000 - 0x00000231f52c3000 	C:\Users\chouc\.openjfx\cache\21+31\amd64\api-ms-win-crt-time-l1-1-0.dll
0x00000231f52d0000 - 0x00000231f52d3000 	C:\Users\chouc\.openjfx\cache\21+31\amd64\api-ms-win-crt-utility-l1-1-0.dll
0x00007ffe3d6c0000 - 0x00007ffe3d7bc000 	C:\Users\chouc\.openjfx\cache\21+31\amd64\ucrtbase.dll
0x00007ffe56920000 - 0x00007ffe5693b000 	C:\Users\chouc\.openjfx\cache\21+31\amd64\vcruntime140.dll
0x00007ffe58f10000 - 0x00007ffe58f1c000 	C:\Users\chouc\.openjfx\cache\21+31\amd64\vcruntime140_1.dll
0x00007ffe42a60000 - 0x00007ffe42aee000 	C:\Users\chouc\.openjfx\cache\21+31\amd64\msvcp140.dll
0x00007ffe75f70000 - 0x00007ffe7609b000 	C:\Windows\System32\ole32.dll
0x00007ffe54370000 - 0x00007ffe54379000 	C:\Users\chouc\.openjfx\cache\21+31\amd64\msvcp140_1.dll
0x00007ffe4e330000 - 0x00007ffe4e35f000 	C:\Users\chouc\.openjfx\cache\21+31\amd64\msvcp140_2.dll
0x00007ffe4bad0000 - 0x00007ffe4baff000 	C:\Users\chouc\.openjfx\cache\21+31\amd64\prism_d3d.dll
0x00007ffe3baa0000 - 0x00007ffe3bc70000 	C:\Windows\system32\d3d9.dll
0x00007ffe728f0000 - 0x00007ffe7291f000 	C:\Windows\SYSTEM32\dwmapi.dll
0x00007ffe726e0000 - 0x00007ffe7277e000 	C:\Windows\system32\uxtheme.dll
0x00007ffe752e0000 - 0x00007ffe7532e000 	C:\Windows\System32\cfgmgr32.dll
0x00007ffe48fb0000 - 0x00007ffe48ff2000 	C:\Users\chouc\.openjfx\cache\21+31\amd64\glass.dll
0x00007ffe75e90000 - 0x00007ffe75f6a000 	C:\Windows\System32\COMDLG32.dll
0x00007ffe76190000 - 0x00007ffe762a4000 	C:\Windows\System32\MSCTF.dll
0x00007ffe6d140000 - 0x00007ffe6d17b000 	C:\Windows\SYSTEM32\dxcore.dll
0x00007ffe4ecc0000 - 0x00007ffe4ecd4000 	C:\Users\chouc\.openjfx\cache\21+31\amd64\javafx_font.dll
0x00007ffe61fb0000 - 0x00007ffe6222f000 	C:\Windows\SYSTEM32\dwrite.dll
0x00007ffe76e50000 - 0x00007ffe76ef9000 	C:\Windows\System32\clbcatq.dll
0x00007ffe724f0000 - 0x00007ffe726a6000 	C:\Windows\SYSTEM32\WindowsCodecs.dll
0x00007ffe67930000 - 0x00007ffe67a29000 	C:\Windows\SYSTEM32\textinputframework.dll
0x00007ffe71030000 - 0x00007ffe7138b000 	C:\Windows\System32\CoreUIComponents.dll
0x00007ffe71a90000 - 0x00007ffe71b82000 	C:\Windows\System32\CoreMessaging.dll
0x00007ffe742d0000 - 0x00007ffe74303000 	C:\Windows\SYSTEM32\ntmarta.dll
0x00007ffe6fad0000 - 0x00007ffe6fc27000 	C:\Windows\SYSTEM32\wintypes.dll
0x00007ffdda6c0000 - 0x00007ffddb4e7000 	C:\Users\chouc\AppData\Local\Temp\imgui-java-natives\1.86.12\imgui-java64.dll

dbghelp: loaded successfully - version: 4.0.5 - missing functions: none
symbol engine: initialized successfully - sym options: 0x614 - pdb path: .;C:\Users\chouc\.gradle\jdks\adoptium-17-x64-hotspot-windows\bin;C:\Windows\SYSTEM32;C:\Windows\WinSxS\amd64_microsoft.windows.common-controls_6595b64144ccf1df_6.0.19041.4355_none_60b8b9eb71f62e16;C:\Users\chouc\.gradle\jdks\adoptium-17-x64-hotspot-windows\bin\server;C:\Program Files\JetBrains\IntelliJ IDEA Community Edition 2024.1.4\bin;C:\Users\chouc\.openjfx\cache\21+31\amd64;C:\Windows\System32\DriverStore\FileRepository\u0402263.inf_amd64_1366da2d694c570c\B400781;C:\Users\chouc\AppData\Local\Temp\imgui-java-natives\1.86.12

VM Arguments:
jvm_args: -javaagent:C:\Program Files\JetBrains\IntelliJ IDEA Community Edition 2024.1.4\lib\idea_rt.jar=52417:C:\Program Files\JetBrains\IntelliJ IDEA Community Edition 2024.1.4\bin -Dfile.encoding=UTF-8 --module-path=C:\Users\chouc\.m2\repository\org\controlsfx\controlsfx\11.1.2\controlsfx-11.1.2.jar;C:\Users\chouc\Documents\1.Dev\Florent Marc\cpm\target\classes;C:\Users\chouc\.m2\repository\org\apache\httpcomponents\httpclient\4.5.13\httpclient-4.5.13.jar;C:\Users\chouc\.m2\repository\org\openjfx\javafx-media\17.0.0.1\javafx-media-17.0.0.1-win.jar;C:\Users\chouc\.m2\repository\org\openjfx\javafx-base\21\javafx-base-21-win.jar;C:\Users\chouc\Documents\1.Dev\Florent Marc\cpm\lib\javassist.jar;C:\Users\chouc\.m2\repository\com\googlecode\json-simple\json-simple\1.1.1\json-simple-1.1.1.jar;C:\Users\chouc\Documents\1.Dev\Florent Marc\cpm\lib\jimObjModelImporterJFX.jar;C:\Users\chouc\.m2\repository\org\openjfx\javafx-web\17.0.0.1\javafx-web-17.0.0.1-win.jar;C:\Users\chouc\.m2\repository\org\openjfx\javafx-graphics\21\javafx-graphics-21-win.jar;C:\Users\chouc\.m2\repository\eu\hansolo\tilesfx\11.48\tilesfx-11.48.jar;C:\Users\chouc\Documents\1.Dev\Florent Marc\cpm\lib\imgui-app-1.86.12-all.jar;C:\Users\chouc\.m2\repository\org\json\json\20231013\json-20231013.jar;C:\Users\chouc\.m2\repository\org\openjfx\javafx-controls\17.0.0.1\javafx-controls-17.0.0.1-win.jar;C:\Users\chouc\.m2\repository\org\apache\httpcomponents\httpcore\4.4.13\httpcore-4.4.13.jar;C:\Users\chouc\.m2\repository\org\openjfx\javafx-fxml\17.0.0.1\javafx-fxml-17.0.0.1-win.jar -Djdk.module.main=com.mk.cpm 
java_command: com.mk.cpm/com.mk.cpm.AppMain
java_class_path (initial): C:\Users\chouc\.m2\repository\org\openjfx\javafx-controls\17.0.0.1\javafx-controls-17.0.0.1.jar;C:\Users\chouc\.m2\repository\commons-logging\commons-logging\1.2\commons-logging-1.2.jar;C:\Users\chouc\.m2\repository\commons-codec\commons-codec\1.11\commons-codec-1.11.jar;C:\Users\chouc\.m2\repository\org\openjfx\javafx-fxml\17.0.0.1\javafx-fxml-17.0.0.1.jar;C:\Users\chouc\.m2\repository\org\openjfx\javafx-web\17.0.0.1\javafx-web-17.0.0.1.jar;C:\Users\chouc\.m2\repository\org\openjfx\javafx-media\17.0.0.1\javafx-media-17.0.0.1.jar;C:\Users\chouc\.m2\repository\org\openjfx\javafx-swing\17.0.0.1\javafx-swing-17.0.0.1.jar;C:\Users\chouc\.m2\repository\org\openjfx\javafx-swing\17.0.0.1\javafx-swing-17.0.0.1-win.jar;C:\Users\chouc\.m2\repository\org\openjfx\javafx-graphics\21\javafx-graphics-21.jar;C:\Users\chouc\.m2\repository\org\openjfx\javafx-base\21\javafx-base-21.jar;C:\Users\chouc\.m2\repository\junit\junit\4.10\junit-4.10.jar;C:\Users\chouc\.m2\repository\org\hamcrest\hamcrest-core\1.1\hamcrest-core-1.1.jar;C:\Users\chouc\.m2\repository\org\javassist\javassist\3.28.0-GA\javassist-3.28.0-GA.jar;C:\Users\chouc\Documents\1.Dev\Florent Marc\cpm\lib\imgui-binding-1.86.12.jar;C:\Users\chouc\Documents\1.Dev\Florent Marc\cpm\lib\imgui-lwjgl3-1.86.12.jar
Launcher Type: SUN_STANDARD

[Global flags]
     intx CICompilerCount                          = 4                                         {product} {ergonomic}
     uint ConcGCThreads                            = 3                                         {product} {ergonomic}
     uint G1ConcRefinementThreads                  = 10                                        {product} {ergonomic}
   size_t G1HeapRegionSize                         = 2097152                                   {product} {ergonomic}
    uintx GCDrainStackTargetSize                   = 64                                        {product} {ergonomic}
   size_t InitialHeapSize                          = 268435456                                 {product} {ergonomic}
   size_t MarkStackSize                            = 4194304                                   {product} {ergonomic}
   size_t MaxHeapSize                              = 4282384384                                {product} {ergonomic}
   size_t MaxNewSize                               = 2569011200                                {product} {ergonomic}
   size_t MinHeapDeltaBytes                        = 2097152                                   {product} {ergonomic}
   size_t MinHeapSize                              = 8388608                                   {product} {ergonomic}
    uintx NonNMethodCodeHeapSize                   = 5839372                                {pd product} {ergonomic}
    uintx NonProfiledCodeHeapSize                  = 122909434                              {pd product} {ergonomic}
    uintx ProfiledCodeHeapSize                     = 122909434                              {pd product} {ergonomic}
    uintx ReservedCodeCacheSize                    = 251658240                              {pd product} {ergonomic}
     bool SegmentedCodeCache                       = true                                      {product} {ergonomic}
   size_t SoftMaxHeapSize                          = 4282384384                             {manageable} {ergonomic}
     bool UseCompressedClassPointers               = true                           {product lp64_product} {ergonomic}
     bool UseCompressedOops                        = true                           {product lp64_product} {ergonomic}
     bool UseG1GC                                  = true                                      {product} {ergonomic}
     bool UseLargePagesIndividualAllocation        = false                                  {pd product} {ergonomic}

Logging:
Log output configuration:
 #0: stdout all=warning uptime,level,tags
 #1: stderr all=off uptime,level,tags

Environment Variables:
JAVA_HOME=C:\Program Files\Java\jdk1.8.0_251
PATH=C:\Program Files\Common Files\Oracle\Java\javapath;C:\Program Files (x86)\Common Files\Oracle\Java\javapath;C:\Program Files (x86)\NVIDIA Corporation\PhysX\Common;C:\Windows\system32;C:\Windows;C:\Windows\System32\Wbem;C:\Windows\System32\WindowsPowerShell\v1.0\;C:\Windows\System32\OpenSSH\;C:\Program Files\Java\jdk1.8.0_251\bin;C:\Program Files\Gource\cmd;C:\Program Files\PuTTY\;C:\Program Files\WorldPainter;C:\Program Files\nodejs\;C:\Program Files\Java\jdk1.8.0_181\bin;C:\Program Files\Git\cmd;C:\Users\chouc\AppData\Local\Microsoft\WindowsApps;C:\Users\chouc\AppData\Local\GitHubDesktop\bin;C:\Users\chouc\AppData\Local\Programs\Microsoft VS Code\bin;C:\Users\chouc\AppData\Roaming\npm
USERNAME=chouc
OS=Windows_NT
PROCESSOR_IDENTIFIER=AMD64 Family 23 Model 113 Stepping 0, AuthenticAMD
TMP=C:\Users\chouc\AppData\Local\Temp
TEMP=C:\Users\chouc\AppData\Local\Temp



---------------  S Y S T E M  ---------------

OS:
 Windows 10 , 64 bit Build 19041 (10.0.19041.4597)
OS uptime: 1 days 19:42 hours

CPU: total 12 (initial active 12) (12 cores per cpu, 2 threads per core) family 23 model 113 stepping 0 microcode 0x0, cx8, cmov, fxsr, ht, mmx, 3dnowpref, sse, sse2, sse3, ssse3, sse4a, sse4.1, sse4.2, popcnt, lzcnt, tsc, tscinvbit, avx, avx2, aes, clmul, bmi1, bmi2, adx, sha, fma, vzeroupper, clflush, clflushopt

Memory: 4k page, system-wide physical 16332M (8256M free)
TotalPageFile size 26060M (AvailPageFile size 13220M)
current process WorkingSet (physical memory assigned to process): 162M, peak: 185M
current process commit charge ("private bytes"): 456M, peak: 473M

vm_info: OpenJDK 64-Bit Server VM (17.0.5+8) for windows-amd64 JRE (17.0.5+8), built on Oct 19 2022 04:48:13 by "temurin" with MS VC++ 16.7 (VS2019)

END.
